<?xml version="1.0" encoding="UTF-8"?>
<!-- Generated by org.testng.reporters.JUnitReportReporter -->
<testsuite hostname="HIH-D-5640" name="NewWebTest.NewSelectWindow" tests="1" failures="0" timestamp="8 Jun 2015 05:51:44 GMT" time="19.862" errors="0">
  <testcase name="newSelectWindow" time="19.862" classname="NewWebTest.NewSelectWindow"/>
</testsuite> <!-- NewWebTest.NewSelectWindow -->
