<?xml version="1.0" encoding="UTF-8"?>
<!-- Generated by org.testng.reporters.JUnitReportReporter -->
<testsuite hostname="HIH-D-5640" name="NewWebTest.OpenUrl" tests="1" failures="0" timestamp="5 Jun 2015 08:22:48 GMT" time="41.124" errors="0">
  <testcase name="openUrl" time="41.124" classname="NewWebTest.OpenUrl"/>
</testsuite> <!-- NewWebTest.OpenUrl -->
