<?xml version="1.0" encoding="UTF-8"?>
<!-- Generated by org.testng.reporters.JUnitReportReporter -->
<testsuite hostname="HIH-D-5640" name="NewWebTest.NewSelectWindow" tests="1" failures="0" timestamp="8 Jun 2015 08:14:21 GMT" time="60.817" errors="0">
  <testcase name="newSelectWindow" time="60.817" classname="NewWebTest.NewSelectWindow"/>
</testsuite> <!-- NewWebTest.NewSelectWindow -->
