<?xml version="1.0" encoding="UTF-8"?>
<!-- Generated by org.testng.reporters.JUnitReportReporter -->
<testsuite hostname="HIH-D-5640" name="NewWebTest.SelectWindow" tests="1" failures="0" timestamp="8 Jun 2015 02:53:41 GMT" time="20.835" errors="0">
  <testcase name="selectWindow" time="20.835" classname="NewWebTest.SelectWindow"/>
</testsuite> <!-- NewWebTest.SelectWindow -->
